<?xml version="1.0" encoding="UTF-8"?>
<!-- Generated by org.testng.reporters.JUnitReportReporter -->
<testsuite hostname="DESKTOP-SELHIJF" failures="0" tests="2" name="SmartBuyTestNgClass" time="5.452" errors="0" timestamp="2022-11-22T05:26:19 GMT+02:00" skipped="0">
  <testcase classname="SmartBuyTestNgClass" name="test_add_item_SAMSUNG_50_inch_to_cart" time="4.951"/>
  <system-out/>
  <testcase classname="SmartBuyTestNgClass" name="test_check_the_correct_price" time="0.501"/>
  <system-out/>
</testsuite> <!-- SmartBuyTestNgClass -->
